<?xml version="1.0" encoding="UTF-8"?>
<testsuite name="com.blz.day27.AppTest" tests="1" skipped="0" failures="0" errors="0" timestamp="2022-01-28T08:59:44" hostname="DESKTOP-DN56027" time="0.03">
  <properties/>
  <testcase name="shouldAnswerWithTrue()" classname="com.blz.day27.AppTest" time="0.03"/>
  <system-out><![CDATA[]]></system-out>
  <system-err><![CDATA[]]></system-err>
</testsuite>
